#
# There is insufficient memory for the Java Runtime Environment to continue.
# Native memory allocation (mmap) failed to map 67108864 bytes for G1 virtual space
# Possible reasons:
#   The system is out of physical RAM or swap space
#   The process is running with CompressedOops enabled, and the Java Heap may be blocking the growth of the native heap
# Possible solutions:
#   Reduce memory load on the system
#   Increase physical memory or swap space
#   Check if swap backing store is full
#   Decrease Java heap size (-Xmx/-Xms)
#   Decrease number of Java threads
#   Decrease Java thread stack sizes (-Xss)
#   Set larger code cache with -XX:ReservedCodeCacheSize=
#   JVM is running with Unscaled Compressed Oops mode in which the Java heap is
#     placed in the first 4GB address space. The Java Heap base address is the
#     maximum limit for the native heap growth. Please use -XX:HeapBaseMinAddress
#     to set the Java Heap base and to place the Java Heap above 4GB virtual address.
# This output file may be truncated or incomplete.
#
#  Out of Memory Error (os_windows.cpp:3617), pid=5104, tid=25568
#
# JRE version:  (17.0.8+7) (build )
# Java VM: OpenJDK 64-Bit Server VM (17.0.8+7-LTS, mixed mode, sharing, tiered, compressed oops, compressed class ptrs, g1 gc, windows-amd64)
# No core dump will be written. Minidumps are not enabled by default on client versions of Windows
#

---------------  S U M M A R Y ------------

Command Line: -Xmx64m -Xms64m -Dorg.gradle.appname=gradlew org.gradle.wrapper.GradleWrapperMain app:installDebug -PreactNativeDevServerPort=8081

Host: Intel(R) Core(TM) i5-6440HQ CPU @ 2.60GHz, 4 cores, 7G,  Windows 10 , 64 bit Build 19041 (10.0.19041.3636)
Time: Mon May 13 12:53:38 2024 India Standard Time elapsed time: 0.024489 seconds (0d 0h 0m 0s)

---------------  T H R E A D  ---------------

Current thread (0x000002711e032450):  JavaThread "Unknown thread" [_thread_in_vm, id=25568, stack(0x000000afe5200000,0x000000afe5300000)]

Stack: [0x000000afe5200000,0x000000afe5300000]
Native frames: (J=compiled Java code, j=interpreted, Vv=VM code, C=native code)
V  [jvm.dll+0x67bf3a]
V  [jvm.dll+0x83a024]
V  [jvm.dll+0x83b7ce]
V  [jvm.dll+0x83be33]
V  [jvm.dll+0x24785f]
V  [jvm.dll+0x678cb9]
V  [jvm.dll+0x66d54a]
V  [jvm.dll+0x308feb]
V  [jvm.dll+0x310496]
V  [jvm.dll+0x36019e]
V  [jvm.dll+0x3603cf]
V  [jvm.dll+0x2dff38]
V  [jvm.dll+0x2e0ea4]
V  [jvm.dll+0x80bca1]
V  [jvm.dll+0x36df61]
V  [jvm.dll+0x7eafac]
V  [jvm.dll+0x3f0c8f]
V  [jvm.dll+0x3f28a1]
C  [jli.dll+0x528f]
C  [ucrtbase.dll+0x21bb2]
C  [KERNEL32.DLL+0x17344]
C  [ntdll.dll+0x526b1]


---------------  P R O C E S S  ---------------

Threads class SMR info:
_java_thread_list=0x00007ffaf0503058, length=0, elements={
}

Java Threads: ( => current thread )

Other Threads:
  0x000002711e051bc0 GCTaskThread "GC Thread#0" [stack: 0x000000afe5300000,0x000000afe5400000] [id=24828]
  0x000002711e053210 ConcurrentGCThread "G1 Main Marker" [stack: 0x000000afe5400000,0x000000afe5500000] [id=25748]
  0x000002711e053b20 ConcurrentGCThread "G1 Conc#0" [stack: 0x000000afe5500000,0x000000afe5600000] [id=12124]

[error occurred during error reporting (printing all threads), id 0xc0000005, EXCEPTION_ACCESS_VIOLATION (0xc0000005) at pc=0x00007ffaefcc0927]

VM state: not at safepoint (not fully initialized)

VM Mutex/Monitor currently owned by a thread:  ([mutex/lock_event])
[0x000002711e02fad0] Heap_lock - owner thread: 0x000002711e032450

Heap address: 0x00000000fc000000, size: 64 MB, Compressed Oops mode: 32-bit

CDS archive(s) mapped at: [0x0000000000000000-0x0000000000000000-0x0000000000000000), size 0, SharedBaseAddress: 0x0000000800000000, ArchiveRelocationMode: 1.
Narrow klass base: 0x0000000000000000, Narrow klass shift: 0, Narrow klass range: 0x0

GC Precious Log:
<Empty>

Heap:
 garbage-first heap   total 0K, used 0K [0x00000000fc000000, 0x0000000100000000)
  region size 1024K, 0 young (0K), 0 survivors (0K)

[error occurred during error reporting (printing heap information), id 0xc0000005, EXCEPTION_ACCESS_VIOLATION (0xc0000005) at pc=0x00007ffaf00a5fc9]

GC Heap History (0 events):
No events

Dll operation events (1 events):
Event: 0.012 Loaded shared library C:\Program Files\Microsoft\jdk-17.0.8.7-hotspot\bin\java.dll

Deoptimization events (0 events):
No events

Classes unloaded (0 events):
No events

Classes redefined (0 events):
No events

Internal exceptions (0 events):
No events

VM Operations (0 events):
No events

Events (0 events):
No events


Dynamic libraries:
0x00007ff78fcc0000 - 0x00007ff78fcce000 	C:\Program Files\Microsoft\jdk-17.0.8.7-hotspot\bin\java.exe
0x00007ffb74550000 - 0x00007ffb74748000 	C:\Windows\SYSTEM32\ntdll.dll
0x00007ffb72fb0000 - 0x00007ffb7306d000 	C:\Windows\System32\KERNEL32.DLL
0x00007ffb71f30000 - 0x00007ffb72226000 	C:\Windows\System32\KERNELBASE.dll
0x00007ffb71c30000 - 0x00007ffb71d30000 	C:\Windows\System32\ucrtbase.dll
0x00007ffb6c370000 - 0x00007ffb6c387000 	C:\Program Files\Microsoft\jdk-17.0.8.7-hotspot\bin\jli.dll
0x00007ffb51930000 - 0x00007ffb5194b000 	C:\Program Files\Microsoft\jdk-17.0.8.7-hotspot\bin\VCRUNTIME140.dll
0x00007ffb742c0000 - 0x00007ffb7445f000 	C:\Windows\System32\USER32.dll
0x00007ffb72310000 - 0x00007ffb72332000 	C:\Windows\System32\win32u.dll
0x00007ffb72ee0000 - 0x00007ffb72f0b000 	C:\Windows\System32\GDI32.dll
0x00007ffb72340000 - 0x00007ffb72457000 	C:\Windows\System32\gdi32full.dll
0x00007ffb71d30000 - 0x00007ffb71dcd000 	C:\Windows\System32\msvcp_win.dll
0x00007ffb5e9b0000 - 0x00007ffb5ec4a000 	C:\Windows\WinSxS\amd64_microsoft.windows.common-controls_6595b64144ccf1df_6.0.19041.3636_none_60b6a03d71f818d5\COMCTL32.dll
0x00007ffb74220000 - 0x00007ffb742be000 	C:\Windows\System32\msvcrt.dll
0x00007ffb73900000 - 0x00007ffb73932000 	C:\Windows\System32\IMM32.DLL
0x00007ffb51ac0000 - 0x00007ffb51acc000 	C:\Program Files\Microsoft\jdk-17.0.8.7-hotspot\bin\vcruntime140_1.dll
0x00007ffb51d30000 - 0x00007ffb51dbd000 	C:\Program Files\Microsoft\jdk-17.0.8.7-hotspot\bin\msvcp140.dll
0x00007ffaef9d0000 - 0x00007ffaf0635000 	C:\Program Files\Microsoft\jdk-17.0.8.7-hotspot\bin\server\jvm.dll
0x00007ffb737a0000 - 0x00007ffb73850000 	C:\Windows\System32\ADVAPI32.dll
0x00007ffb72f10000 - 0x00007ffb72fb0000 	C:\Windows\System32\sechost.dll
0x00007ffb72580000 - 0x00007ffb726a3000 	C:\Windows\System32\RPCRT4.dll
0x00007ffb71c00000 - 0x00007ffb71c27000 	C:\Windows\System32\bcrypt.dll
0x00007ffb6a180000 - 0x00007ffb6a189000 	C:\Windows\SYSTEM32\WSOCK32.dll
0x00007ffb71a60000 - 0x00007ffb71aab000 	C:\Windows\SYSTEM32\POWRPROF.dll
0x00007ffb73e50000 - 0x00007ffb73ebb000 	C:\Windows\System32\WS2_32.dll
0x00007ffb6c2e0000 - 0x00007ffb6c2ea000 	C:\Windows\SYSTEM32\VERSION.dll
0x00007ffb5a4e0000 - 0x00007ffb5a507000 	C:\Windows\SYSTEM32\WINMM.dll
0x00007ffb71a40000 - 0x00007ffb71a52000 	C:\Windows\SYSTEM32\UMPDC.dll
0x00007ffb703e0000 - 0x00007ffb703f2000 	C:\Windows\SYSTEM32\kernel.appcore.dll
0x00007ffb6b120000 - 0x00007ffb6b12a000 	C:\Program Files\Microsoft\jdk-17.0.8.7-hotspot\bin\jimage.dll
0x00007ffb6f170000 - 0x00007ffb6f354000 	C:\Windows\SYSTEM32\DBGHELP.DLL
0x00007ffb4c8a0000 - 0x00007ffb4c8d4000 	C:\Windows\SYSTEM32\dbgcore.DLL
0x00007ffb72230000 - 0x00007ffb722b2000 	C:\Windows\System32\bcryptPrimitives.dll
0x00007ffb48e80000 - 0x00007ffb48ea5000 	C:\Program Files\Microsoft\jdk-17.0.8.7-hotspot\bin\java.dll

dbghelp: loaded successfully - version: 4.0.5 - missing functions: none
symbol engine: initialized successfully - sym options: 0x614 - pdb path: .;C:\Program Files\Microsoft\jdk-17.0.8.7-hotspot\bin;C:\Windows\SYSTEM32;C:\Windows\WinSxS\amd64_microsoft.windows.common-controls_6595b64144ccf1df_6.0.19041.3636_none_60b6a03d71f818d5;C:\Program Files\Microsoft\jdk-17.0.8.7-hotspot\bin\server

VM Arguments:
jvm_args: -Xmx64m -Xms64m -Dorg.gradle.appname=gradlew 
java_command: org.gradle.wrapper.GradleWrapperMain app:installDebug -PreactNativeDevServerPort=8081
java_class_path (initial): D:\react checking\EasyShop\android\\gradle\wrapper\gradle-wrapper.jar
Launcher Type: SUN_STANDARD

[Global flags]
     intx CICompilerCount                          = 3                                         {product} {ergonomic}
     uint ConcGCThreads                            = 1                                         {product} {ergonomic}
     uint G1ConcRefinementThreads                  = 4                                         {product} {ergonomic}
   size_t G1HeapRegionSize                         = 1048576                                   {product} {ergonomic}
    uintx GCDrainStackTargetSize                   = 64                                        {product} {ergonomic}
   size_t InitialHeapSize                          = 67108864                                  {product} {command line}
   size_t MarkStackSize                            = 4194304                                   {product} {ergonomic}
   size_t MaxHeapSize                              = 67108864                                  {product} {command line}
   size_t MinHeapDeltaBytes                        = 1048576                                   {product} {ergonomic}
   size_t MinHeapSize                              = 67108864                                  {product} {command line}
    uintx NonNMethodCodeHeapSize                   = 5832780                                {pd product} {ergonomic}
    uintx NonProfiledCodeHeapSize                  = 122912730                              {pd product} {ergonomic}
    uintx ProfiledCodeHeapSize                     = 122912730                              {pd product} {ergonomic}
    uintx ReservedCodeCacheSize                    = 251658240                              {pd product} {ergonomic}
     bool SegmentedCodeCache                       = true                                      {product} {ergonomic}
   size_t SoftMaxHeapSize                          = 67108864                               {manageable} {ergonomic}
     bool UseCompressedClassPointers               = true                           {product lp64_product} {ergonomic}
     bool UseCompressedOops                        = true                           {product lp64_product} {ergonomic}
     bool UseG1GC                                  = true                                      {product} {ergonomic}
     bool UseLargePagesIndividualAllocation        = false                                  {pd product} {ergonomic}

Logging:
Log output configuration:
 #0: stdout all=warning uptime,level,tags
 #1: stderr all=off uptime,level,tags

Environment Variables:
JAVA_HOME=C:\Program Files\Microsoft\jdk-17.0.8.7-hotspot\
CLASSPATH=D:\react checking\EasyShop\android\\gradle\wrapper\gradle-wrapper.jar
PATH=D:\react checking\EasyShop\node_modules\.bin;D:\react checking\EasyShop\node_modules\.bin;D:\react checking\node_modules\.bin;D:\node_modules\.bin;C:\Users\dell\AppData\Roaming\npm\node_modules\npm\node_modules\@npmcli\run-script\lib\node-gyp-bin;D:\react checking\EasyShop\node_modules\.bin;D:\react checking\node_modules\.bin;D:\node_modules\.bin;C:\Users\dell\AppData\Roaming\npm\node_modules\npm\node_modules\@npmcli\run-script\lib\node-gyp-bin;C:\Program Files\Microsoft\jdk-17.0.8.7-hotspot\bin;C:\Program Files\Common Files\Oracle\Java\javapath;C:\Windows\system32;C:\Windows;C:\Windows\System32\Wbem;C:\Windows\System32\WindowsPowerShell\v1.0\;C:\Windows\System32\OpenSSH\;C:\Program Files\Java\jdk-16.0.2\bin;C:\Program Files\Microsoft SQL Server\Client SDK\ODBC\170\Tools\Binn\;C:\Program Files (x86)\Microsoft SQL Server\150\Tools\Binn\;C:\Program Files\Microsoft SQL Server\150\Tools\Binn\;C:\Program Files\Microsoft SQL Server\150\DTS\Binn\;C:\Program Files\Azure Data Studio\bin;C:\Program Files\MongoDB\Server\6.0\bin;C:\Users\dell\Downloads\mongosh-1.8.1-win32-x64\mongosh-1.8.1\bin;C:\ProgramData\chocolatey\bin;C:\Program Files\Java\jdk-16.0.2;C:\Users\dell\AppData\Local\Android\Sdk;C:\Users\dell\AppData\Local\Android\Sdk\platform-tools;C:\Program Files\nodejs\;C:\Users\dell\AppData\Local\Android\Sdk\platform-tools;C:\Program Files\Git\cmd;C:\Users\dell\AppData\Local\Android\Sdk\tools;C:\Users\dell\AppData\Local\Microsoft\WindowsApps;C:\Users\dell\AppData\Local\Programs\Microsoft VS Code\bin;C:\MinGW\bin;C:\Users\dell\Desktop;C:\Program Files\Azure Data Studio\bin;C:\Program Files\MongoDB\Server\6.0\bin;C:\Users\dell\AppData\Local\JetBrains\Toolbox\scripts;C:\Users\dell\AppData\Roaming\npm
USERNAME=dell
LANG=en_US.UTF-8
OS=Windows_NT
PROCESSOR_IDENTIFIER=Intel64 Family 6 Model 94 Stepping 3, GenuineIntel
TMP=C:\Users\dell\AppData\Local\Temp
TEMP=C:\Users\dell\AppData\Local\Temp



---------------  S Y S T E M  ---------------

OS:
 Windows 10 , 64 bit Build 19041 (10.0.19041.3636)
OS uptime: 14 days 14:55 hours
Hyper-V role detected

CPU: total 4 (initial active 4) (4 cores per cpu, 1 threads per core) family 6 model 94 stepping 3 microcode 0xcc, cx8, cmov, fxsr, mmx, 3dnowpref, sse, sse2, sse3, ssse3, sse4.1, sse4.2, popcnt, lzcnt, tsc, tscinvbit, avx, avx2, aes, erms, clmul, bmi1, bmi2, rtm, adx, fma, vzeroupper, clflush, clflushopt, hv
Processor Information for all 4 processors :
  Max Mhz: 2601, Current Mhz: 2601, Mhz Limit: 2601

Memory: 4k page, system-wide physical 7821M (398M free)
TotalPageFile size 25461M (AvailPageFile size 73M)
current process WorkingSet (physical memory assigned to process): 10M, peak: 10M
current process commit charge ("private bytes"): 51M, peak: 115M

vm_info: OpenJDK 64-Bit Server VM (17.0.8+7-LTS) for windows-amd64 JRE (17.0.8+7-LTS), built on Jul  7 2023 17:21:55 by "MicrosoftCorporation" with MS VC++ 16.10 / 16.11 (VS2019)

END.
